--------------------- HRV Pipeline Run: Thu Jun  5 15:15:38 +07 2025 ---------------------
Starting MongoDB with Docker Compose...
time="2025-06-05T15:15:38+07:00" level=warning msg="/Users/stamatiosorphanos/Desktop/Stress_Detection/hrv_calculation_test/docker-compose.yaml: the attribute `version` is obsolete, it will be ignored, please remove it to avoid potential confusion"
 Container phr-mongo  Running
Waiting for MongoDB to become available...
Importing mock phr_data.json into MongoDB...
2025-06-05T08:15:44.069+0000	connected to: mongodb://localhost/
2025-06-05T08:15:44.070+0000	2 document(s) imported successfully. 0 document(s) failed to import.
Running HRV computation...
  Timestamp: 2025-06-01T08:00:00: RMSSD=24.41, SDNN=26.02
  Timestamp: 2025-06-01T08:00:01: RMSSD=24.62, SDNN=26.32
  Timestamp: 2025-06-01T08:00:02: RMSSD=24.8, SDNN=27.54
  Timestamp: 2025-06-01T08:00:03: RMSSD=24.78, SDNN=29.16
  Timestamp: 2025-06-01T08:00:04: RMSSD=27.69, SDNN=29.33
  Timestamp: 2025-06-01T08:00:05: RMSSD=27.69, SDNN=28.83
  Timestamp: 2025-06-01T08:00:06: RMSSD=27.44, SDNN=27.71
  Timestamp: 2025-06-01T08:00:07: RMSSD=27.22, SDNN=27.49
  Timestamp: 2025-06-01T08:00:08: RMSSD=27.26, SDNN=28.13
  Timestamp: 2025-06-01T08:00:09: RMSSD=27.11, SDNN=28.89
  Timestamp: 2025-06-01T08:00:10: RMSSD=27.38, SDNN=27.91
  Timestamp: 2025-06-01T08:00:11: RMSSD=24.41, SDNN=26.02
  Timestamp: 2025-06-01T08:00:12: RMSSD=24.62, SDNN=26.32
  Timestamp: 2025-06-01T08:00:13: RMSSD=24.8, SDNN=27.54
  Timestamp: 2025-06-01T08:00:14: RMSSD=24.78, SDNN=29.16
  Timestamp: 2025-06-01T10:00:00: RMSSD=12.31, SDNN=13.87
  Timestamp: 2025-06-01T10:00:01: RMSSD=23.0, SDNN=25.85
  Timestamp: 2025-06-01T10:00:02: RMSSD=34.38, SDNN=26.16
  Timestamp: 2025-06-01T10:00:03: RMSSD=34.38, SDNN=26.6
  Timestamp: 2025-06-01T10:00:04: RMSSD=34.46, SDNN=26.64
  Timestamp: 2025-06-01T10:00:05: RMSSD=34.46, SDNN=26.53
  Timestamp: 2025-06-01T10:00:06: RMSSD=34.39, SDNN=26.3
  Timestamp: 2025-06-01T10:00:07: RMSSD=34.32, SDNN=26.38
  Timestamp: 2025-06-01T10:00:08: RMSSD=34.26, SDNN=26.6
  Timestamp: 2025-06-01T10:00:00: RMSSD=12.31, SDNN=13.87
  Timestamp: 2025-06-01T10:00:01: RMSSD=23.0, SDNN=25.85
  Timestamp: 2025-06-01T10:00:02: RMSSD=34.38, SDNN=26.16
  Timestamp: 2025-06-01T10:00:03: RMSSD=34.38, SDNN=26.6
  Timestamp: 2025-06-01T10:00:04: RMSSD=34.46, SDNN=26.64
  Timestamp: 2025-06-01T10:00:05: RMSSD=34.46, SDNN=26.53
  Timestamp: 2025-06-01T10:00:06: RMSSD=34.39, SDNN=26.3
  Timestamp: 2025-06-01T10:00:07: RMSSD=34.32, SDNN=26.38
  Timestamp: 2025-06-01T10:00:08: RMSSD=34.26, SDNN=26.6
  Timestamp: 2025-06-01T08:00:00: RMSSD=24.41, SDNN=26.02
  Timestamp: 2025-06-01T08:00:01: RMSSD=24.62, SDNN=26.32
  Timestamp: 2025-06-01T08:00:02: RMSSD=24.8, SDNN=27.54
  Timestamp: 2025-06-01T08:00:03: RMSSD=24.78, SDNN=29.16
  Timestamp: 2025-06-01T08:00:04: RMSSD=27.69, SDNN=29.33
  Timestamp: 2025-06-01T08:00:05: RMSSD=27.69, SDNN=28.83
  Timestamp: 2025-06-01T08:00:06: RMSSD=27.44, SDNN=27.71
  Timestamp: 2025-06-01T08:00:07: RMSSD=27.22, SDNN=27.49
  Timestamp: 2025-06-01T08:00:08: RMSSD=27.26, SDNN=28.13
  Timestamp: 2025-06-01T08:00:09: RMSSD=27.11, SDNN=28.89
  Timestamp: 2025-06-01T08:00:10: RMSSD=27.38, SDNN=27.91
  Timestamp: 2025-06-01T08:00:11: RMSSD=24.41, SDNN=26.02
  Timestamp: 2025-06-01T08:00:12: RMSSD=24.62, SDNN=26.32
  Timestamp: 2025-06-01T08:00:13: RMSSD=24.8, SDNN=27.54
  Timestamp: 2025-06-01T08:00:14: RMSSD=24.78, SDNN=29.16
  Timestamp: 2025-06-01T10:00:00: RMSSD=12.31, SDNN=13.87
  Timestamp: 2025-06-01T10:00:01: RMSSD=23.0, SDNN=25.85
  Timestamp: 2025-06-01T10:00:02: RMSSD=34.38, SDNN=26.16
  Timestamp: 2025-06-01T10:00:03: RMSSD=34.38, SDNN=26.6
  Timestamp: 2025-06-01T10:00:04: RMSSD=34.46, SDNN=26.64
  Timestamp: 2025-06-01T10:00:05: RMSSD=34.46, SDNN=26.53
  Timestamp: 2025-06-01T10:00:06: RMSSD=34.39, SDNN=26.3
  Timestamp: 2025-06-01T10:00:07: RMSSD=34.32, SDNN=26.38
  Timestamp: 2025-06-01T10:00:08: RMSSD=34.26, SDNN=26.6
  Timestamp: 2025-06-01T08:00:00: RMSSD=24.41, SDNN=26.02
  Timestamp: 2025-06-01T08:00:01: RMSSD=24.62, SDNN=26.32
  Timestamp: 2025-06-01T08:00:02: RMSSD=24.8, SDNN=27.54
  Timestamp: 2025-06-01T08:00:03: RMSSD=24.78, SDNN=29.16
  Timestamp: 2025-06-01T08:00:04: RMSSD=27.69, SDNN=29.33
  Timestamp: 2025-06-01T08:00:05: RMSSD=27.69, SDNN=28.83
  Timestamp: 2025-06-01T08:00:06: RMSSD=27.44, SDNN=27.71
  Timestamp: 2025-06-01T08:00:07: RMSSD=27.22, SDNN=27.49
  Timestamp: 2025-06-01T08:00:08: RMSSD=27.26, SDNN=28.13
  Timestamp: 2025-06-01T08:00:09: RMSSD=27.11, SDNN=28.89
  Timestamp: 2025-06-01T08:00:10: RMSSD=27.38, SDNN=27.91
  Timestamp: 2025-06-01T08:00:11: RMSSD=24.41, SDNN=26.02
  Timestamp: 2025-06-01T08:00:12: RMSSD=24.62, SDNN=26.32
  Timestamp: 2025-06-01T08:00:13: RMSSD=24.8, SDNN=27.54
  Timestamp: 2025-06-01T08:00:14: RMSSD=24.78, SDNN=29.16
  Timestamp: 2025-06-01T10:00:00: RMSSD=12.31, SDNN=13.87
  Timestamp: 2025-06-01T10:00:01: RMSSD=23.0, SDNN=25.85
  Timestamp: 2025-06-01T10:00:02: RMSSD=34.38, SDNN=26.16
  Timestamp: 2025-06-01T10:00:03: RMSSD=34.38, SDNN=26.6
  Timestamp: 2025-06-01T10:00:04: RMSSD=34.46, SDNN=26.64
  Timestamp: 2025-06-01T10:00:05: RMSSD=34.46, SDNN=26.53
  Timestamp: 2025-06-01T10:00:06: RMSSD=34.39, SDNN=26.3
  Timestamp: 2025-06-01T10:00:07: RMSSD=34.32, SDNN=26.38
  Timestamp: 2025-06-01T10:00:08: RMSSD=34.26, SDNN=26.6
  Timestamp: 2025-06-01T08:00:00: RMSSD=24.41, SDNN=26.02
  Timestamp: 2025-06-01T08:00:01: RMSSD=24.62, SDNN=26.32
  Timestamp: 2025-06-01T08:00:02: RMSSD=24.8, SDNN=27.54
  Timestamp: 2025-06-01T08:00:03: RMSSD=24.78, SDNN=29.16
  Timestamp: 2025-06-01T08:00:04: RMSSD=27.69, SDNN=29.33
  Timestamp: 2025-06-01T08:00:05: RMSSD=27.69, SDNN=28.83
  Timestamp: 2025-06-01T08:00:06: RMSSD=27.44, SDNN=27.71
  Timestamp: 2025-06-01T08:00:07: RMSSD=27.22, SDNN=27.49
  Timestamp: 2025-06-01T08:00:08: RMSSD=27.26, SDNN=28.13
  Timestamp: 2025-06-01T08:00:09: RMSSD=27.11, SDNN=28.89
  Timestamp: 2025-06-01T08:00:10: RMSSD=27.38, SDNN=27.91
  Timestamp: 2025-06-01T08:00:11: RMSSD=24.41, SDNN=26.02
  Timestamp: 2025-06-01T08:00:12: RMSSD=24.62, SDNN=26.32
  Timestamp: 2025-06-01T08:00:13: RMSSD=24.8, SDNN=27.54
  Timestamp: 2025-06-01T08:00:14: RMSSD=24.78, SDNN=29.16
  Timestamp: 2025-06-01T10:00:00: RMSSD=12.31, SDNN=13.87
  Timestamp: 2025-06-01T10:00:01: RMSSD=23.0, SDNN=25.85
  Timestamp: 2025-06-01T10:00:02: RMSSD=34.38, SDNN=26.16
  Timestamp: 2025-06-01T10:00:03: RMSSD=34.38, SDNN=26.6
  Timestamp: 2025-06-01T10:00:04: RMSSD=34.46, SDNN=26.64
  Timestamp: 2025-06-01T10:00:05: RMSSD=34.46, SDNN=26.53
  Timestamp: 2025-06-01T10:00:06: RMSSD=34.39, SDNN=26.3
  Timestamp: 2025-06-01T10:00:07: RMSSD=34.32, SDNN=26.38
  Timestamp: 2025-06-01T10:00:08: RMSSD=34.26, SDNN=26.6
  Timestamp: 2025-06-01T08:00:00: RMSSD=24.41, SDNN=26.02
  Timestamp: 2025-06-01T08:00:01: RMSSD=24.62, SDNN=26.32
  Timestamp: 2025-06-01T08:00:02: RMSSD=24.8, SDNN=27.54
  Timestamp: 2025-06-01T08:00:03: RMSSD=24.78, SDNN=29.16
  Timestamp: 2025-06-01T08:00:04: RMSSD=27.69, SDNN=29.33
  Timestamp: 2025-06-01T08:00:05: RMSSD=27.69, SDNN=28.83
  Timestamp: 2025-06-01T08:00:06: RMSSD=27.44, SDNN=27.71
  Timestamp: 2025-06-01T08:00:07: RMSSD=27.22, SDNN=27.49
  Timestamp: 2025-06-01T08:00:08: RMSSD=27.26, SDNN=28.13
  Timestamp: 2025-06-01T08:00:09: RMSSD=27.11, SDNN=28.89
  Timestamp: 2025-06-01T08:00:10: RMSSD=27.38, SDNN=27.91
  Timestamp: 2025-06-01T08:00:11: RMSSD=24.41, SDNN=26.02
  Timestamp: 2025-06-01T08:00:12: RMSSD=24.62, SDNN=26.32
  Timestamp: 2025-06-01T08:00:13: RMSSD=24.8, SDNN=27.54
  Timestamp: 2025-06-01T08:00:14: RMSSD=24.78, SDNN=29.16
  Timestamp: 2025-06-01T10:00:00: RMSSD=12.31, SDNN=13.87
  Timestamp: 2025-06-01T10:00:01: RMSSD=23.0, SDNN=25.85
  Timestamp: 2025-06-01T10:00:02: RMSSD=34.38, SDNN=26.16
  Timestamp: 2025-06-01T10:00:03: RMSSD=34.38, SDNN=26.6
  Timestamp: 2025-06-01T10:00:04: RMSSD=34.46, SDNN=26.64
  Timestamp: 2025-06-01T10:00:05: RMSSD=34.46, SDNN=26.53
  Timestamp: 2025-06-01T10:00:06: RMSSD=34.39, SDNN=26.3
  Timestamp: 2025-06-01T10:00:07: RMSSD=34.32, SDNN=26.38
  Timestamp: 2025-06-01T10:00:08: RMSSD=34.26, SDNN=26.6
  Timestamp: 2025-06-01T08:00:00: RMSSD=24.41, SDNN=26.02
  Timestamp: 2025-06-01T08:00:01: RMSSD=24.62, SDNN=26.32
  Timestamp: 2025-06-01T08:00:02: RMSSD=24.8, SDNN=27.54
  Timestamp: 2025-06-01T08:00:03: RMSSD=24.78, SDNN=29.16
  Timestamp: 2025-06-01T08:00:04: RMSSD=27.69, SDNN=29.33
  Timestamp: 2025-06-01T08:00:05: RMSSD=27.69, SDNN=28.83
  Timestamp: 2025-06-01T08:00:06: RMSSD=27.44, SDNN=27.71
  Timestamp: 2025-06-01T08:00:07: RMSSD=27.22, SDNN=27.49
  Timestamp: 2025-06-01T08:00:08: RMSSD=27.26, SDNN=28.13
  Timestamp: 2025-06-01T08:00:09: RMSSD=27.11, SDNN=28.89
  Timestamp: 2025-06-01T08:00:10: RMSSD=27.38, SDNN=27.91
  Timestamp: 2025-06-01T08:00:11: RMSSD=24.41, SDNN=26.02
  Timestamp: 2025-06-01T08:00:12: RMSSD=24.62, SDNN=26.32
  Timestamp: 2025-06-01T08:00:13: RMSSD=24.8, SDNN=27.54
  Timestamp: 2025-06-01T08:00:14: RMSSD=24.78, SDNN=29.16
Validating stored HRV entries...

 HRV Field Validation Summary:
Documents checked: 12
Valid entries    : 12
Invalid entries  : 0
Pipeline complete!
